<?xml version="1.0" encoding="UTF-8"?>
<testsuite name="NumbersTest" tests="1" skipped="0" failures="0" errors="0" timestamp="2021-09-20T21:09:38" hostname="DESKTOP-BKTK1QN" time="12.727">
  <properties/>
  <testcase name="start" classname="NumbersTest" time="12.727"/>
  <system-out><![CDATA[?[1;31m
Start test 1?[0m
Welcome to Amazing Numbers!
Supported requests:
- enter a natural number to know its properties;
- enter two natural numbers to obtain the properties of the list:
* the first parameter represents a starting number;
* the second parameter shows how many consecutive numbers are to be processed;
- two natural numbers and a properties to search for;
- a property preceded by minus must not be present in numbers;
- separate the parameters with one space;
- enter 0 to exit.
Enter a request:
> 0
Goodbye!
?[1;31m
Start test 2?[0m
Welcome to Amazing Numbers!
Supported requests:
- enter a natural number to know its properties;
- enter two natural numbers to obtain the properties of the list:
* the first parameter represents a starting number;
* the second parameter shows how many consecutive numbers are to be processed;
- two natural numbers and a properties to search for;
- a property preceded by minus must not be present in numbers;
- separate the parameters with one space;
- enter 0 to exit.
Enter a request:
> -111
The first parameter should be a natural number or zero.
Enter a request:
> 0
Goodbye!
?[1;31m
Start test 3?[0m
Welcome to Amazing Numbers!
Supported requests:
- enter a natural number to know its properties;
- enter two natural numbers to obtain the properties of the list:
* the first parameter represents a starting number;
* the second parameter shows how many consecutive numbers are to be processed;
- two natural numbers and a properties to search for;
- a property preceded by minus must not be present in numbers;
- separate the parameters with one space;
- enter 0 to exit.
Enter a request:
> -122
The first parameter should be a natural number or zero.
Enter a request:
> 0
Goodbye!
?[1;31m
Start test 4?[0m
Welcome to Amazing Numbers!
Supported requests:
- enter a natural number to know its properties;
- enter two natural numbers to obtain the properties of the list:
* the first parameter represents a starting number;
* the second parameter shows how many consecutive numbers are to be processed;
- two natural numbers and a properties to search for;
- a property preceded by minus must not be present in numbers;
- separate the parameters with one space;
- enter 0 to exit.
Enter a request:
> -110
The first parameter should be a natural number or zero.
Enter a request:
> 0
Goodbye!
?[1;31m
Start test 5?[0m
Welcome to Amazing Numbers!
Supported requests:
- enter a natural number to know its properties;
- enter two natural numbers to obtain the properties of the list:
* the first parameter represents a starting number;
* the second parameter shows how many consecutive numbers are to be processed;
- two natural numbers and a properties to search for;
- a property preceded by minus must not be present in numbers;
- separate the parameters with one space;
- enter 0 to exit.
Enter a request:
> -21
The first parameter should be a natural number or zero.
Enter a request:
> 0
Goodbye!
?[1;31m
Start test 6?[0m
Welcome to Amazing Numbers!
Supported requests:
- enter a natural number to know its properties;
- enter two natural numbers to obtain the properties of the list:
* the first parameter represents a starting number;
* the second parameter shows how many consecutive numbers are to be processed;
- two natural numbers and a properties to search for;
- a property preceded by minus must not be present in numbers;
- separate the parameters with one space;
- enter 0 to exit.
Enter a request:
> -18
The first parameter should be a natural number or zero.
Enter a request:
> 0
Goodbye!
?[1;31m
Start test 7?[0m
Welcome to Amazing Numbers!
Supported requests:
- enter a natural number to know its properties;
- enter two natural numbers to obtain the properties of the list:
* the first parameter represents a starting number;
* the second parameter shows how many consecutive numbers are to be processed;
- two natural numbers and a properties to search for;
- a property preceded by minus must not be present in numbers;
- separate the parameters with one space;
- enter 0 to exit.
Enter a request:
> 11627 -17862
The second parameter should be a natural number.
Properties of 11627
buzz: true
duck: false
palindromic: false
gapful: false
spy: false
square: false
sunny: false
jumping: false
happy: true
sad: false
even: false
odd: true
Enter a request:
> 0
Goodbye!
?[1;31m
Start test 8?[0m
Welcome to Amazing Numbers!
Supported requests:
- enter a natural number to know its properties;
- enter two natural numbers to obtain the properties of the list:
* the first parameter represents a starting number;
* the second parameter shows how many consecutive numbers are to be processed;
- two natural numbers and a properties to search for;
- a property preceded by minus must not be present in numbers;
- separate the parameters with one space;
- enter 0 to exit.
Enter a request:
> 32369 -17415
The second parameter should be a natural number.
Properties of 32369
buzz: false
duck: false
palindromic: false
gapful: false
spy: false
square: false
sunny: false
jumping: false
happy: true
sad: false
even: false
odd: true
Enter a request:
> 0
Goodbye!
?[1;31m
Start test 9?[0m
Welcome to Amazing Numbers!
Supported requests:
- enter a natural number to know its properties;
- enter two natural numbers to obtain the properties of the list:
* the first parameter represents a starting number;
* the second parameter shows how many consecutive numbers are to be processed;
- two natural numbers and a properties to search for;
- a property preceded by minus must not be present in numbers;
- separate the parameters with one space;
- enter 0 to exit.
Enter a request:
> 30610 -4048
The second parameter should be a natural number.
Properties of 30610
buzz: false
duck: true
palindromic: false
gapful: false
spy: false
square: false
sunny: false
jumping: false
happy: false
sad: true
even: true
odd: false
Enter a request:
> 0
Goodbye!
?[1;31m
Start test 10?[0m
Welcome to Amazing Numbers!
Supported requests:
- enter a natural number to know its properties;
- enter two natural numbers to obtain the properties of the list:
* the first parameter represents a starting number;
* the second parameter shows how many consecutive numbers are to be processed;
- two natural numbers and a properties to search for;
- a property preceded by minus must not be present in numbers;
- separate the parameters with one space;
- enter 0 to exit.
Enter a request:
> 32633 -21012
The second parameter should be a natural number.
Properties of 32633
buzz: false
duck: false
palindromic: false
gapful: false
spy: false
square: false
sunny: false
jumping: false
happy: false
sad: true
even: false
odd: true
Enter a request:
> 0
Goodbye!
?[1;31m
Start test 11?[0m
Welcome to Amazing Numbers!
Supported requests:
- enter a natural number to know its properties;
- enter two natural numbers to obtain the properties of the list:
* the first parameter represents a starting number;
* the second parameter shows how many consecutive numbers are to be processed;
- two natural numbers and a properties to search for;
- a property preceded by minus must not be present in numbers;
- separate the parameters with one space;
- enter 0 to exit.
Enter a request:
> 15766 -11830
The second parameter should be a natural number.
Properties of 15766
buzz: false
duck: false
palindromic: false
gapful: false
spy: false
square: false
sunny: false
jumping: false
happy: false
sad: true
even: true
odd: false
Enter a request:
> 0
Goodbye!
?[1;31m
Start test 12?[0m
Welcome to Amazing Numbers!
Supported requests:
- enter a natural number to know its properties;
- enter two natural numbers to obtain the properties of the list:
* the first parameter represents a starting number;
* the second parameter shows how many consecutive numbers are to be processed;
- two natural numbers and a properties to search for;
- a property preceded by minus must not be present in numbers;
- separate the parameters with one space;
- enter 0 to exit.
Enter a request:
> 22265 -28283
The second parameter should be a natural number.
Properties of 22265
buzz: false
duck: false
palindromic: false
gapful: false
spy: false
square: false
sunny: false
jumping: false
happy: false
sad: true
even: false
odd: true
Enter a request:
> 0
Goodbye!
?[1;31m
Start test 13?[0m
Welcome to Amazing Numbers!
Supported requests:
- enter a natural number to know its properties;
- enter two natural numbers to obtain the properties of the list:
* the first parameter represents a starting number;
* the second parameter shows how many consecutive numbers are to be processed;
- two natural numbers and a properties to search for;
- a property preceded by minus must not be present in numbers;
- separate the parameters with one space;
- enter 0 to exit.
Enter a request:
> 26345 -17338
The second parameter should be a natural number.
Properties of 26345
buzz: false
duck: false
palindromic: false
gapful: false
spy: false
square: false
sunny: false
jumping: false
happy: false
sad: true
even: false
odd: true
Enter a request:
> 0
Goodbye!
?[1;31m
Start test 14?[0m
Welcome to Amazing Numbers!
Supported requests:
- enter a natural number to know its properties;
- enter two natural numbers to obtain the properties of the list:
* the first parameter represents a starting number;
* the second parameter shows how many consecutive numbers are to be processed;
- two natural numbers and a properties to search for;
- a property preceded by minus must not be present in numbers;
- separate the parameters with one space;
- enter 0 to exit.
Enter a request:
> 15387 -8134
The second parameter should be a natural number.
Properties of 15387
buzz: true
duck: false
palindromic: false
gapful: false
spy: false
square: false
sunny: false
jumping: false
happy: false
sad: true
even: false
odd: true
Enter a request:
> 0
Goodbye!
?[1;31m
Start test 15?[0m
Welcome to Amazing Numbers!
Supported requests:
- enter a natural number to know its properties;
- enter two natural numbers to obtain the properties of the list:
* the first parameter represents a starting number;
* the second parameter shows how many consecutive numbers are to be processed;
- two natural numbers and a properties to search for;
- a property preceded by minus must not be present in numbers;
- separate the parameters with one space;
- enter 0 to exit.
Enter a request:
> 11054 -5635
The second parameter should be a natural number.
Properties of 11054
buzz: false
duck: true
palindromic: false
gapful: false
spy: false
square: false
sunny: false
jumping: false
happy: false
sad: true
even: true
odd: false
Enter a request:
> 0
Goodbye!
?[1;31m
Start test 16?[0m
Welcome to Amazing Numbers!
Supported requests:
- enter a natural number to know its properties;
- enter two natural numbers to obtain the properties of the list:
* the first parameter represents a starting number;
* the second parameter shows how many consecutive numbers are to be processed;
- two natural numbers and a properties to search for;
- a property preceded by minus must not be present in numbers;
- separate the parameters with one space;
- enter 0 to exit.
Enter a request:
> 10555 -22260
The second parameter should be a natural number.
Properties of 10555
buzz: false
duck: true
palindromic: false
gapful: false
spy: false
square: false
sunny: false
jumping: false
happy: false
sad: true
even: false
odd: true
Enter a request:
> 0
Goodbye!
?[1;31m
Start test 17?[0m
Welcome to Amazing Numbers!
Supported requests:
- enter a natural number to know its properties;
- enter two natural numbers to obtain the properties of the list:
* the first parameter represents a starting number;
* the second parameter shows how many consecutive numbers are to be processed;
- two natural numbers and a properties to search for;
- a property preceded by minus must not be present in numbers;
- separate the parameters with one space;
- enter 0 to exit.
Enter a request:
> 1
Properties of 1
buzz: false
duck: false
palindromic: true
gapful: false
spy: true
square: true
sunny: false
jumping: true
happy: true
sad: false
even: false
odd: true
Enter a request:
> 2
Properties of 2
buzz: false
duck: false
palindromic: true
gapful: false
spy: true
square: false
sunny: false
jumping: true
happy: false
sad: true
even: true
odd: false
Enter a request:
> 3
Properties of 3
buzz: false
duck: false
palindromic: true
gapful: false
spy: true
square: false
sunny: true
jumping: true
happy: false
sad: true
even: false
odd: true
Enter a request:
> 4
Properties of 4
buzz: false
duck: false
palindromic: true
gapful: false
spy: true
square: true
sunny: false
jumping: true
happy: false
sad: true
even: true
odd: false
Enter a request:
> 5
Properties of 5
buzz: false
duck: false
palindromic: true
gapful: false
spy: true
square: false
sunny: false
jumping: true
happy: false
sad: true
even: false
odd: true
Enter a request:
> 6
Properties of 6
buzz: false
duck: false
palindromic: true
gapful: false
spy: true
square: false
sunny: false
jumping: true
happy: false
sad: true
even: true
odd: false
Enter a request:
> 7
Properties of 7
buzz: true
duck: false
palindromic: true
gapful: false
spy: true
square: false
sunny: false
jumping: true
happy: true
sad: false
even: false
odd: true
Enter a request:
> 8
Properties of 8
buzz: false
duck: false
palindromic: true
gapful: false
spy: true
square: false
sunny: true
jumping: true
happy: false
sad: true
even: true
odd: false
Enter a request:
> 9
Properties of 9
buzz: false
duck: false
palindromic: true
gapful: false
spy: true
square: true
sunny: false
jumping: true
happy: false
sad: true
even: false
odd: true
Enter a request:
> 10
Properties of 10
buzz: false
duck: true
palindromic: false
gapful: false
spy: false
square: false
sunny: false
jumping: true
happy: true
sad: false
even: true
odd: false
Enter a request:
> 11
Properties of 11
buzz: false
duck: false
palindromic: true
gapful: false
spy: false
square: false
sunny: false
jumping: false
happy: false
sad: true
even: false
odd: true
Enter a request:
> 12
Properties of 12
buzz: false
duck: false
palindromic: false
gapful: false
spy: false
square: false
sunny: false
jumping: true
happy: false
sad: true
even: true
odd: false
Enter a request:
> 13
Properties of 13
buzz: false
duck: false
palindromic: false
gapful: false
spy: false
square: false
sunny: false
jumping: false
happy: true
sad: false
even: false
odd: true
Enter a request:
> 14
Properties of 14
buzz: true
duck: false
palindromic: false
gapful: false
spy: false
square: false
sunny: false
jumping: false
happy: false
sad: true
even: true
odd: false
Enter a request:
> 255211877294989194
Properties of 255211877294989194
buzz: false
duck: false
palindromic: false
gapful: false
spy: false
square: false
sunny: false
jumping: false
happy: false
sad: true
even: true
odd: false
Enter a request:
> 4009317832702211044
Properties of 4009317832702211044
buzz: false
duck: true
palindromic: false
gapful: false
spy: false
square: false
sunny: false
jumping: false
happy: false
sad: true
even: true
odd: false
Enter a request:
> 6917291488536842130
Properties of 6917291488536842130
buzz: false
duck: true
palindromic: false
gapful: false
spy: false
square: false
sunny: false
jumping: false
happy: false
sad: true
even: true
odd: false
Enter a request:
> 3574658382049044613
Properties of 3574658382049044613
buzz: false
duck: true
palindromic: false
gapful: false
spy: false
square: false
sunny: false
jumping: false
happy: false
sad: true
even: false
odd: true
Enter a request:
> 98892860878910701
Properties of 98892860878910701
buzz: false
duck: true
palindromic: false
gapful: false
spy: false
square: false
sunny: false
jumping: false
happy: false
sad: true
even: false
odd: true
Enter a request:
> 290144123505673550
Properties of 290144123505673550
buzz: false
duck: true
palindromic: false
gapful: false
spy: false
square: false
sunny: false
jumping: false
happy: true
sad: false
even: true
odd: false
Enter a request:
> 6034816059890698028
Properties of 6034816059890698028
buzz: false
duck: true
palindromic: false
gapful: false
spy: false
square: false
sunny: false
jumping: false
happy: false
sad: true
even: true
odd: false
Enter a request:
> 8808611732699429272
Properties of 8808611732699429272
buzz: false
duck: true
palindromic: false
gapful: false
spy: false
square: false
sunny: false
jumping: false
happy: false
sad: true
even: true
odd: false
Enter a request:
> 1631447392195587876
Properties of 1631447392195587876
buzz: true
duck: false
palindromic: false
gapful: false
spy: false
square: false
sunny: false
jumping: false
happy: false
sad: true
even: true
odd: false
Enter a request:
> 4829219193253062590
Properties of 4829219193253062590
buzz: false
duck: true
palindromic: false
gapful: false
spy: false
square: false
sunny: false
jumping: false
happy: false
sad: true
even: true
odd: false
Enter a request:
> 0
Goodbye!
?[1;31m
Start test 18?[0m
Welcome to Amazing Numbers!
Supported requests:
- enter a natural number to know its properties;
- enter two natural numbers to obtain the properties of the list:
* the first parameter represents a starting number;
* the second parameter shows how many consecutive numbers are to be processed;
- two natural numbers and a properties to search for;
- a property preceded by minus must not be present in numbers;
- separate the parameters with one space;
- enter 0 to exit.
Enter a request:
> 1 15
1 is palindromic, spy, square, jumping, happy, odd
2 is palindromic, spy, jumping, sad, even
3 is palindromic, spy, sunny, jumping, sad, odd
4 is palindromic, spy, square, jumping, sad, even
5 is palindromic, spy, jumping, sad, odd
6 is palindromic, spy, jumping, sad, even
7 is buzz, palindromic, spy, jumping, happy, odd
8 is palindromic, spy, sunny, jumping, sad, even
9 is palindromic, spy, square, jumping, sad, odd
10 is duck, jumping, happy, even
11 is palindromic, sad, odd
12 is jumping, sad, even
13 is happy, odd
14 is buzz, sad, even
15 is sunny, sad, odd
Enter a request:
> 0
Goodbye!
?[1;31m
Start test 19?[0m
Welcome to Amazing Numbers!
Supported requests:
- enter a natural number to know its properties;
- enter two natural numbers to obtain the properties of the list:
* the first parameter represents a starting number;
* the second parameter shows how many consecutive numbers are to be processed;
- two natural numbers and a properties to search for;
- a property preceded by minus must not be present in numbers;
- separate the parameters with one space;
- enter 0 to exit.
Enter a request:
> 8408555304547242863 11
8408555304547242863 is duck, sad, odd
8408555304547242864 is duck, sad, even
8408555304547242865 is duck, sad, odd
8408555304547242866 is buzz, duck, sad, even
8408555304547242867 is buzz, duck, sad, odd
8408555304547242868 is duck, sad, even
8408555304547242869 is duck, sad, odd
8408555304547242870 is duck, sad, even
8408555304547242871 is duck, sad, odd
8408555304547242872 is duck, sad, even
8408555304547242873 is buzz, duck, sad, odd
Enter a request:
> 0
Goodbye!
?[1;31m
Start test 20?[0m
Welcome to Amazing Numbers!
Supported requests:
- enter a natural number to know its properties;
- enter two natural numbers to obtain the properties of the list:
* the first parameter represents a starting number;
* the second parameter shows how many consecutive numbers are to be processed;
- two natural numbers and a properties to search for;
- a property preceded by minus must not be present in numbers;
- separate the parameters with one space;
- enter 0 to exit.
Enter a request:
> 927155548768152952 11
927155548768152952 is sad, even
927155548768152953 is sad, odd
927155548768152954 is sad, even
927155548768152955 is sad, odd
927155548768152956 is buzz, sad, even
927155548768152957 is buzz, sad, odd
927155548768152958 is sad, even
927155548768152959 is happy, odd
927155548768152960 is duck, gapful, sad, even
927155548768152961 is sad, odd
927155548768152962 is sad, even
Enter a request:
> 0
Goodbye!
?[1;31m
Start test 21?[0m
Welcome to Amazing Numbers!
Supported requests:
- enter a natural number to know its properties;
- enter two natural numbers to obtain the properties of the list:
* the first parameter represents a starting number;
* the second parameter shows how many consecutive numbers are to be processed;
- two natural numbers and a properties to search for;
- a property preceded by minus must not be present in numbers;
- separate the parameters with one space;
- enter 0 to exit.
Enter a request:
> 9094726439553418760 1
9094726439553418760 is duck, sad, even
Enter a request:
> 0
Goodbye!
?[1;31m
Start test 22?[0m
Welcome to Amazing Numbers!
Supported requests:
- enter a natural number to know its properties;
- enter two natural numbers to obtain the properties of the list:
* the first parameter represents a starting number;
* the second parameter shows how many consecutive numbers are to be processed;
- two natural numbers and a properties to search for;
- a property preceded by minus must not be present in numbers;
- separate the parameters with one space;
- enter 0 to exit.
Enter a request:
> 2042800564846376146 10
2042800564846376146 is buzz, duck, sad, even
2042800564846376147 is buzz, duck, sad, odd
2042800564846376148 is duck, sad, even
2042800564846376149 is duck, sad, odd
2042800564846376150 is duck, sad, even
2042800564846376151 is duck, sad, odd
2042800564846376152 is duck, sad, even
2042800564846376153 is buzz, duck, sad, odd
2042800564846376154 is duck, sad, even
2042800564846376155 is duck, sad, odd
Enter a request:
> 0
Goodbye!
?[1;31m
Start test 23?[0m
Welcome to Amazing Numbers!
Supported requests:
- enter a natural number to know its properties;
- enter two natural numbers to obtain the properties of the list:
* the first parameter represents a starting number;
* the second parameter shows how many consecutive numbers are to be processed;
- two natural numbers and a properties to search for;
- a property preceded by minus must not be present in numbers;
- separate the parameters with one space;
- enter 0 to exit.
Enter a request:
> 5562907737971000007 11
5562907737971000007 is buzz, duck, sad, odd
5562907737971000008 is duck, sad, even
5562907737971000009 is duck, sad, odd
5562907737971000010 is duck, sad, even
5562907737971000011 is buzz, duck, sad, odd
5562907737971000012 is duck, sad, even
5562907737971000013 is duck, sad, odd
5562907737971000014 is duck, sad, even
5562907737971000015 is duck, sad, odd
5562907737971000016 is duck, sad, even
5562907737971000017 is buzz, duck, sad, odd
Enter a request:
> 0
Goodbye!
?[1;31m
Start test 24?[0m
Welcome to Amazing Numbers!
Supported requests:
- enter a natural number to know its properties;
- enter two natural numbers to obtain the properties of the list:
* the first parameter represents a starting number;
* the second parameter shows how many consecutive numbers are to be processed;
- two natural numbers and a properties to search for;
- a property preceded by minus must not be present in numbers;
- separate the parameters with one space;
- enter 0 to exit.
Enter a request:
> 7548817338291602995 11
7548817338291602995 is duck, sad, odd
7548817338291602996 is buzz, duck, sad, even
7548817338291602997 is buzz, duck, sad, odd
7548817338291602998 is duck, sad, even
7548817338291602999 is duck, sad, odd
7548817338291603000 is duck, sad, even
7548817338291603001 is duck, sad, odd
7548817338291603002 is duck, sad, even
7548817338291603003 is buzz, duck, happy, odd
7548817338291603004 is duck, sad, even
7548817338291603005 is duck, sad, odd
Enter a request:
> 0
Goodbye!
?[1;31m
Start test 25?[0m
Welcome to Amazing Numbers!
Supported requests:
- enter a natural number to know its properties;
- enter two natural numbers to obtain the properties of the list:
* the first parameter represents a starting number;
* the second parameter shows how many consecutive numbers are to be processed;
- two natural numbers and a properties to search for;
- a property preceded by minus must not be present in numbers;
- separate the parameters with one space;
- enter 0 to exit.
Enter a request:
> 5803526759543458757 11
5803526759543458757 is buzz, duck, sad, odd
5803526759543458758 is duck, gapful, sad, even
5803526759543458759 is duck, sad, odd
5803526759543458760 is duck, sad, even
5803526759543458761 is duck, sad, odd
5803526759543458762 is duck, sad, even
5803526759543458763 is duck, sad, odd
5803526759543458764 is buzz, duck, sad, even
5803526759543458765 is duck, sad, odd
5803526759543458766 is duck, sad, even
5803526759543458767 is buzz, duck, sad, odd
Enter a request:
> 0
Goodbye!
?[1;31m
Start test 26?[0m
Welcome to Amazing Numbers!
Supported requests:
- enter a natural number to know its properties;
- enter two natural numbers to obtain the properties of the list:
* the first parameter represents a starting number;
* the second parameter shows how many consecutive numbers are to be processed;
- two natural numbers and a properties to search for;
- a property preceded by minus must not be present in numbers;
- separate the parameters with one space;
- enter 0 to exit.
Enter a request:
> 495165761101104249 19
495165761101104249 is duck, sad, odd
495165761101104250 is duck, sad, even
495165761101104251 is duck, happy, odd
495165761101104252 is duck, sad, even
495165761101104253 is duck, sad, odd
495165761101104254 is buzz, duck, sad, even
495165761101104255 is duck, gapful, sad, odd
495165761101104256 is duck, sad, even
495165761101104257 is buzz, duck, happy, odd
495165761101104258 is duck, sad, even
495165761101104259 is duck, sad, odd
495165761101104260 is duck, happy, even
495165761101104261 is buzz, duck, sad, odd
495165761101104262 is duck, sad, even
495165761101104263 is duck, happy, odd
495165761101104264 is duck, sad, even
495165761101104265 is duck, sad, odd
495165761101104266 is duck, happy, even
495165761101104267 is buzz, duck, sad, odd
Enter a request:
> 0
Goodbye!
?[1;31m
Start test 27?[0m
Welcome to Amazing Numbers!
Supported requests:
- enter a natural number to know its properties;
- enter two natural numbers to obtain the properties of the list:
* the first parameter represents a starting number;
* the second parameter shows how many consecutive numbers are to be processed;
- two natural numbers and a properties to search for;
- a property preceded by minus must not be present in numbers;
- separate the parameters with one space;
- enter 0 to exit.
Enter a request:
> 539844721863844370 10
539844721863844370 is duck, sad, even
539844721863844371 is sad, odd
539844721863844372 is sad, even
539844721863844373 is sad, odd
539844721863844374 is gapful, sad, even
539844721863844375 is gapful, sad, odd
539844721863844376 is buzz, gapful, sad, even
539844721863844377 is buzz, sad, odd
539844721863844378 is sad, even
539844721863844379 is sad, odd
Enter a request:
> 0
Goodbye!
?[1;31m
Start test 28?[0m
Welcome to Amazing Numbers!
Supported requests:
- enter a natural number to know its properties;
- enter two natural numbers to obtain the properties of the list:
* the first parameter represents a starting number;
* the second parameter shows how many consecutive numbers are to be processed;
- two natural numbers and a properties to search for;
- a property preceded by minus must not be present in numbers;
- separate the parameters with one space;
- enter 0 to exit.
Enter a request:
> 1946125340875822308 4
1946125340875822308 is duck, sad, even
1946125340875822309 is buzz, duck, sad, odd
1946125340875822310 is duck, gapful, happy, even
1946125340875822311 is duck, sad, odd
Enter a request:
> 0
Goodbye!
?[1;31m
Start test 29?[0m
Welcome to Amazing Numbers!
Supported requests:
- enter a natural number to know its properties;
- enter two natural numbers to obtain the properties of the list:
* the first parameter represents a starting number;
* the second parameter shows how many consecutive numbers are to be processed;
- two natural numbers and a properties to search for;
- a property preceded by minus must not be present in numbers;
- separate the parameters with one space;
- enter 0 to exit.
Enter a request:
> 1 10 May
The property [May] is wrong.
Available properties: [EVEN, ODD, BUZZ, DUCK, PALINDROMIC, GAPFUL, SPY, SQUARE, SUNNY, JUMPING, HAPPY, SAD]
Enter a request:
> 0
Goodbye!
?[1;31m
Start test 30?[0m
Welcome to Amazing Numbers!
Supported requests:
- enter a natural number to know its properties;
- enter two natural numbers to obtain the properties of the list:
* the first parameter represents a starting number;
* the second parameter shows how many consecutive numbers are to be processed;
- two natural numbers and a properties to search for;
- a property preceded by minus must not be present in numbers;
- separate the parameters with one space;
- enter 0 to exit.
Enter a request:
> 40 2 bay
The property [bay] is wrong.
Available properties: [EVEN, ODD, BUZZ, DUCK, PALINDROMIC, GAPFUL, SPY, SQUARE, SUNNY, JUMPING, HAPPY, SAD]
Enter a request:
> 0
Goodbye!
?[1;31m
Start test 31?[0m
Welcome to Amazing Numbers!
Supported requests:
- enter a natural number to know its properties;
- enter two natural numbers to obtain the properties of the list:
* the first parameter represents a starting number;
* the second parameter shows how many consecutive numbers are to be processed;
- two natural numbers and a properties to search for;
- a property preceded by minus must not be present in numbers;
- separate the parameters with one space;
- enter 0 to exit.
Enter a request:
> 37 4 8
The property [8] is wrong.
Available properties: [EVEN, ODD, BUZZ, DUCK, PALINDROMIC, GAPFUL, SPY, SQUARE, SUNNY, JUMPING, HAPPY, SAD]
Enter a request:
> 0
Goodbye!
?[1;31m
Start test 32?[0m
Welcome to Amazing Numbers!
Supported requests:
- enter a natural number to know its properties;
- enter two natural numbers to obtain the properties of the list:
* the first parameter represents a starting number;
* the second parameter shows how many consecutive numbers are to be processed;
- two natural numbers and a properties to search for;
- a property preceded by minus must not be present in numbers;
- separate the parameters with one space;
- enter 0 to exit.
Enter a request:
> 67 2 day
The property [day] is wrong.
Available properties: [EVEN, ODD, BUZZ, DUCK, PALINDROMIC, GAPFUL, SPY, SQUARE, SUNNY, JUMPING, HAPPY, SAD]
Enter a request:
> 0
Goodbye!
?[1;31m
Start test 33?[0m
Welcome to Amazing Numbers!
Supported requests:
- enter a natural number to know its properties;
- enter two natural numbers to obtain the properties of the list:
* the first parameter represents a starting number;
* the second parameter shows how many consecutive numbers are to be processed;
- two natural numbers and a properties to search for;
- a property preceded by minus must not be present in numbers;
- separate the parameters with one space;
- enter 0 to exit.
Enter a request:
> 2 54 Prime
The property [Prime] is wrong.
Available properties: [EVEN, ODD, BUZZ, DUCK, PALINDROMIC, GAPFUL, SPY, SQUARE, SUNNY, JUMPING, HAPPY, SAD]
Enter a request:
> 0
Goodbye!
?[1;31m
Start test 34?[0m
Welcome to Amazing Numbers!
Supported requests:
- enter a natural number to know its properties;
- enter two natural numbers to obtain the properties of the list:
* the first parameter represents a starting number;
* the second parameter shows how many consecutive numbers are to be processed;
- two natural numbers and a properties to search for;
- a property preceded by minus must not be present in numbers;
- separate the parameters with one space;
- enter 0 to exit.
Enter a request:
> 6 8 ...
The property [...] is wrong.
Available properties: [EVEN, ODD, BUZZ, DUCK, PALINDROMIC, GAPFUL, SPY, SQUARE, SUNNY, JUMPING, HAPPY, SAD]
Enter a request:
> 0
Goodbye!
?[1;31m
Start test 35?[0m
Welcome to Amazing Numbers!
Supported requests:
- enter a natural number to know its properties;
- enter two natural numbers to obtain the properties of the list:
* the first parameter represents a starting number;
* the second parameter shows how many consecutive numbers are to be processed;
- two natural numbers and a properties to search for;
- a property preceded by minus must not be present in numbers;
- separate the parameters with one space;
- enter 0 to exit.
Enter a request:
> 5 9 none
The property [none] is wrong.
Available properties: [EVEN, ODD, BUZZ, DUCK, PALINDROMIC, GAPFUL, SPY, SQUARE, SUNNY, JUMPING, HAPPY, SAD]
Enter a request:
> 0
Goodbye!
?[1;31m
Start test 36?[0m
Welcome to Amazing Numbers!
Supported requests:
- enter a natural number to know its properties;
- enter two natural numbers to obtain the properties of the list:
* the first parameter represents a starting number;
* the second parameter shows how many consecutive numbers are to be processed;
- two natural numbers and a properties to search for;
- a property preceded by minus must not be present in numbers;
- separate the parameters with one space;
- enter 0 to exit.
Enter a request:
> 1 10 EVEN
2 is palindromic, spy, jumping, sad, even
4 is palindromic, spy, square, jumping, sad, even
6 is palindromic, spy, jumping, sad, even
8 is palindromic, spy, sunny, jumping, sad, even
10 is duck, jumping, happy, even
12 is jumping, sad, even
14 is buzz, sad, even
16 is square, sad, even
18 is sad, even
20 is duck, sad, even
Enter a request:
> 1 10 ODD
1 is palindromic, spy, square, jumping, happy, odd
3 is palindromic, spy, sunny, jumping, sad, odd
5 is palindromic, spy, jumping, sad, odd
7 is buzz, palindromic, spy, jumping, happy, odd
9 is palindromic, spy, square, jumping, sad, odd
11 is palindromic, sad, odd
13 is happy, odd
15 is sunny, sad, odd
17 is buzz, sad, odd
19 is happy, odd
Enter a request:
> 1 10 BUZZ
7 is buzz, palindromic, spy, jumping, happy, odd
14 is buzz, sad, even
17 is buzz, sad, odd
21 is buzz, jumping, sad, odd
27 is buzz, sad, odd
28 is buzz, happy, even
35 is buzz, sunny, sad, odd
37 is buzz, sad, odd
42 is buzz, sad, even
47 is buzz, sad, odd
Enter a request:
> 1 10 DUCK
10 is duck, jumping, happy, even
20 is duck, sad, even
30 is duck, sad, even
40 is duck, sad, even
50 is duck, sad, even
60 is duck, sad, even
70 is buzz, duck, happy, even
80 is duck, sunny, sad, even
90 is duck, sad, even
100 is duck, gapful, square, happy, even
Enter a request:
> 1 10 PALINDROMIC
1 is palindromic, spy, square, jumping, happy, odd
2 is palindromic, spy, jumping, sad, even
3 is palindromic, spy, sunny, jumping, sad, odd
4 is palindromic, spy, square, jumping, sad, even
5 is palindromic, spy, jumping, sad, odd
6 is palindromic, spy, jumping, sad, even
7 is buzz, palindromic, spy, jumping, happy, odd
8 is palindromic, spy, sunny, jumping, sad, even
9 is palindromic, spy, square, jumping, sad, odd
11 is palindromic, sad, odd
Enter a request:
> 1 10 GAPFUL
100 is duck, gapful, square, happy, even
105 is buzz, duck, gapful, sad, odd
108 is duck, gapful, sad, even
110 is duck, gapful, sad, even
120 is duck, gapful, sunny, sad, even
121 is palindromic, gapful, square, jumping, sad, odd
130 is duck, gapful, happy, even
132 is gapful, spy, sad, even
135 is gapful, sad, odd
140 is buzz, duck, gapful, sad, even
Enter a request:
> 1 10 SPY
1 is palindromic, spy, square, jumping, happy, odd
2 is palindromic, spy, jumping, sad, even
3 is palindromic, spy, sunny, jumping, sad, odd
4 is palindromic, spy, square, jumping, sad, even
5 is palindromic, spy, jumping, sad, odd
6 is palindromic, spy, jumping, sad, even
7 is buzz, palindromic, spy, jumping, happy, odd
8 is palindromic, spy, sunny, jumping, sad, even
9 is palindromic, spy, square, jumping, sad, odd
22 is palindromic, spy, sad, even
Enter a request:
> 1 10 SQUARE
1 is palindromic, spy, square, jumping, happy, odd
4 is palindromic, spy, square, jumping, sad, even
9 is palindromic, spy, square, jumping, sad, odd
16 is square, sad, even
25 is square, sad, odd
36 is square, sad, even
49 is buzz, square, happy, odd
64 is square, sad, even
81 is square, sad, odd
100 is duck, gapful, square, happy, even
Enter a request:
> 1 10 SUNNY
3 is palindromic, spy, sunny, jumping, sad, odd
8 is palindromic, spy, sunny, jumping, sad, even
15 is sunny, sad, odd
24 is sunny, sad, even
35 is buzz, sunny, sad, odd
48 is sunny, sad, even
63 is buzz, sunny, sad, odd
80 is duck, sunny, sad, even
99 is palindromic, sunny, sad, odd
120 is duck, gapful, sunny, sad, even
Enter a request:
> 1 10 JUMPING
1 is palindromic, spy, square, jumping, happy, odd
2 is palindromic, spy, jumping, sad, even
3 is palindromic, spy, sunny, jumping, sad, odd
4 is palindromic, spy, square, jumping, sad, even
5 is palindromic, spy, jumping, sad, odd
6 is palindromic, spy, jumping, sad, even
7 is buzz, palindromic, spy, jumping, happy, odd
8 is palindromic, spy, sunny, jumping, sad, even
9 is palindromic, spy, square, jumping, sad, odd
10 is duck, jumping, happy, even
Enter a request:
> 1 10 HAPPY
1 is palindromic, spy, square, jumping, happy, odd
7 is buzz, palindromic, spy, jumping, happy, odd
10 is duck, jumping, happy, even
13 is happy, odd
19 is happy, odd
23 is jumping, happy, odd
28 is buzz, happy, even
31 is happy, odd
32 is jumping, happy, even
44 is palindromic, happy, even
Enter a request:
> 1 10 SAD
2 is palindromic, spy, jumping, sad, even
3 is palindromic, spy, sunny, jumping, sad, odd
4 is palindromic, spy, square, jumping, sad, even
5 is palindromic, spy, jumping, sad, odd
6 is palindromic, spy, jumping, sad, even
8 is palindromic, spy, sunny, jumping, sad, even
9 is palindromic, spy, square, jumping, sad, odd
11 is palindromic, sad, odd
12 is jumping, sad, even
14 is buzz, sad, even
Enter a request:
> 0
Goodbye!
?[1;31m
Start test 37?[0m
Welcome to Amazing Numbers!
Supported requests:
- enter a natural number to know its properties;
- enter two natural numbers to obtain the properties of the list:
* the first parameter represents a starting number;
* the second parameter shows how many consecutive numbers are to be processed;
- two natural numbers and a properties to search for;
- a property preceded by minus must not be present in numbers;
- separate the parameters with one space;
- enter 0 to exit.
Enter a request:
> 21702 1 HAPPY
21704 is duck, happy, even
Enter a request:
> 0
Goodbye!
?[1;31m
Start test 38?[0m
Welcome to Amazing Numbers!
Supported requests:
- enter a natural number to know its properties;
- enter two natural numbers to obtain the properties of the list:
* the first parameter represents a starting number;
* the second parameter shows how many consecutive numbers are to be processed;
- two natural numbers and a properties to search for;
- a property preceded by minus must not be present in numbers;
- separate the parameters with one space;
- enter 0 to exit.
Enter a request:
> 10848 9 HAPPY
10851 is duck, happy, odd
10852 is duck, happy, even
10857 is buzz, duck, happy, odd
10874 is duck, happy, even
10875 is duck, gapful, happy, odd
10880 is duck, gapful, happy, even
10881 is duck, happy, odd
10882 is duck, happy, even
10888 is duck, happy, even
Enter a request:
> 0
Goodbye!
?[1;31m
Start test 39?[0m
Welcome to Amazing Numbers!
Supported requests:
- enter a natural number to know its properties;
- enter two natural numbers to obtain the properties of the list:
* the first parameter represents a starting number;
* the second parameter shows how many consecutive numbers are to be processed;
- two natural numbers and a properties to search for;
- a property preceded by minus must not be present in numbers;
- separate the parameters with one space;
- enter 0 to exit.
Enter a request:
> 3393 14 PALINDROMIC
3443 is palindromic, sad, odd
3553 is palindromic, happy, odd
3663 is palindromic, gapful, sad, odd
3773 is buzz, palindromic, sad, odd
3883 is palindromic, sad, odd
3993 is palindromic, gapful, sad, odd
4004 is buzz, duck, palindromic, gapful, happy, even
4114 is palindromic, sad, even
4224 is palindromic, gapful, sunny, sad, even
4334 is palindromic, sad, even
4444 is palindromic, gapful, sad, even
4554 is palindromic, happy, even
4664 is palindromic, gapful, sad, even
4774 is buzz, palindromic, happy, even
Enter a request:
> 0
Goodbye!
?[1;31m
Start test 40?[0m
Welcome to Amazing Numbers!
Supported requests:
- enter a natural number to know its properties;
- enter two natural numbers to obtain the properties of the list:
* the first parameter represents a starting number;
* the second parameter shows how many consecutive numbers are to be processed;
- two natural numbers and a properties to search for;
- a property preceded by minus must not be present in numbers;
- separate the parameters with one space;
- enter 0 to exit.
Enter a request:
> 7235 6 JUMPING
7654 is jumping, sad, even
7656 is jumping, sad, even
7676 is gapful, jumping, sad, even
7678 is jumping, sad, even
7876 is jumping, sad, even
7878 is gapful, jumping, happy, even
Enter a request:
> 0
Goodbye!
?[1;31m
Start test 41?[0m
Welcome to Amazing Numbers!
Supported requests:
- enter a natural number to know its properties;
- enter two natural numbers to obtain the properties of the list:
* the first parameter represents a starting number;
* the second parameter shows how many consecutive numbers are to be processed;
- two natural numbers and a properties to search for;
- a property preceded by minus must not be present in numbers;
- separate the parameters with one space;
- enter 0 to exit.
Enter a request:
> 19323 3 JUMPING
21010 is duck, jumping, sad, even
21012 is duck, palindromic, jumping, happy, even
21210 is buzz, duck, jumping, happy, even
Enter a request:
> 0
Goodbye!
?[1;31m
Start test 42?[0m
Welcome to Amazing Numbers!
Supported requests:
- enter a natural number to know its properties;
- enter two natural numbers to obtain the properties of the list:
* the first parameter represents a starting number;
* the second parameter shows how many consecutive numbers are to be processed;
- two natural numbers and a properties to search for;
- a property preceded by minus must not be present in numbers;
- separate the parameters with one space;
- enter 0 to exit.
Enter a request:
> 5147 17 HAPPY
5147 is buzz, happy, odd
5157 is buzz, happy, odd
5172 is happy, even
5174 is happy, even
5175 is happy, odd
5178 is happy, even
5181 is happy, odd
5182 is happy, even
5187 is buzz, gapful, happy, odd
5199 is happy, odd
5211 is happy, odd
5217 is buzz, happy, odd
5218 is happy, even
5224 is happy, even
5227 is buzz, happy, odd
5228 is happy, even
5242 is happy, even
Enter a request:
> 0
Goodbye!
?[1;31m
Start test 43?[0m
Welcome to Amazing Numbers!
Supported requests:
- enter a natural number to know its properties;
- enter two natural numbers to obtain the properties of the list:
* the first parameter represents a starting number;
* the second parameter shows how many consecutive numbers are to be processed;
- two natural numbers and a properties to search for;
- a property preceded by minus must not be present in numbers;
- separate the parameters with one space;
- enter 0 to exit.
Enter a request:
> 11120 17 SPY
11125 is spy, happy, odd
11133 is spy, sad, odd
11152 is spy, happy, even
11215 is spy, happy, odd
11222 is spy, sad, even
11251 is spy, happy, odd
11313 is spy, sad, odd
11331 is spy, sad, odd
11512 is spy, happy, even
11521 is spy, happy, odd
12115 is spy, happy, odd
12122 is spy, sad, even
12151 is spy, happy, odd
12212 is spy, sad, even
12221 is palindromic, gapful, spy, sad, odd
12511 is spy, happy, odd
13113 is spy, sad, odd
Enter a request:
> 0
Goodbye!
?[1;31m
Start test 44?[0m
Welcome to Amazing Numbers!
Supported requests:
- enter a natural number to know its properties;
- enter two natural numbers to obtain the properties of the list:
* the first parameter represents a starting number;
* the second parameter shows how many consecutive numbers are to be processed;
- two natural numbers and a properties to search for;
- a property preceded by minus must not be present in numbers;
- separate the parameters with one space;
- enter 0 to exit.
Enter a request:
> 1784 15 PALINDROMIC
1881 is palindromic, gapful, happy, odd
1991 is palindromic, gapful, sad, odd
2002 is buzz, duck, palindromic, gapful, sad, even
2112 is palindromic, gapful, happy, even
2222 is palindromic, gapful, sad, even
2332 is palindromic, gapful, sad, even
2442 is palindromic, gapful, sad, even
2552 is palindromic, gapful, sad, even
2662 is palindromic, gapful, sad, even
2772 is buzz, palindromic, gapful, sad, even
2882 is palindromic, gapful, sad, even
2992 is palindromic, gapful, sad, even
3003 is buzz, duck, palindromic, gapful, sad, odd
3113 is palindromic, sad, odd
3223 is palindromic, sad, odd
Enter a request:
> 0
Goodbye!
?[1;31m
Start test 45?[0m
Welcome to Amazing Numbers!
Supported requests:
- enter a natural number to know its properties;
- enter two natural numbers to obtain the properties of the list:
* the first parameter represents a starting number;
* the second parameter shows how many consecutive numbers are to be processed;
- two natural numbers and a properties to search for;
- a property preceded by minus must not be present in numbers;
- separate the parameters with one space;
- enter 0 to exit.
Enter a request:
> 7767 16 SQUARE
7921 is square, sad, odd
8100 is duck, square, sad, even
8281 is buzz, square, happy, odd
8464 is square, sad, even
8649 is square, sad, odd
8836 is square, sad, even
9025 is duck, gapful, square, sad, odd
9216 is gapful, square, sad, even
9409 is duck, square, sad, odd
9604 is buzz, duck, square, happy, even
9801 is duck, square, sad, odd
10000 is duck, gapful, square, happy, even
10201 is duck, palindromic, square, sad, odd
10404 is duck, square, sad, even
10609 is duck, square, sad, odd
10816 is duck, gapful, square, sad, even
Enter a request:
> 0
Goodbye!
?[1;31m
Start test 46?[0m
Welcome to Amazing Numbers!
Supported requests:
- enter a natural number to know its properties;
- enter two natural numbers to obtain the properties of the list:
* the first parameter represents a starting number;
* the second parameter shows how many consecutive numbers are to be processed;
- two natural numbers and a properties to search for;
- a property preceded by minus must not be present in numbers;
- separate the parameters with one space;
- enter 0 to exit.
Enter a request:
> 16160 16 BUZZ
16163 is buzz, sad, odd
16167 is buzz, gapful, sad, odd
16170 is buzz, duck, gapful, sad, even
16177 is buzz, sad, odd
16184 is buzz, gapful, sad, even
16187 is buzz, sad, odd
16191 is buzz, sad, odd
16197 is buzz, sad, odd
16198 is buzz, sad, even
16205 is buzz, duck, sad, odd
16207 is buzz, duck, sad, odd
16212 is buzz, gapful, sad, even
16217 is buzz, happy, odd
16219 is buzz, sad, odd
16226 is buzz, sad, even
16227 is buzz, happy, odd
Enter a request:
> 0
Goodbye!
?[1;31m
Start test 47?[0m
Welcome to Amazing Numbers!
Supported requests:
- enter a natural number to know its properties;
- enter two natural numbers to obtain the properties of the list:
* the first parameter represents a starting number;
* the second parameter shows how many consecutive numbers are to be processed;
- two natural numbers and a properties to search for;
- a property preceded by minus must not be present in numbers;
- separate the parameters with one space;
- enter 0 to exit.
Enter a request:
> 1 10 odd girl
The property [girl] is wrong.
Available properties: [EVEN, ODD, BUZZ, DUCK, PALINDROMIC, GAPFUL, SPY, SQUARE, SUNNY, JUMPING, HAPPY, SAD]
Enter a request:
> 0
Goodbye!
?[1;31m
Start test 48?[0m
Welcome to Amazing Numbers!
Supported requests:
- enter a natural number to know its properties;
- enter two natural numbers to obtain the properties of the list:
* the first parameter represents a starting number;
* the second parameter shows how many consecutive numbers are to be processed;
- two natural numbers and a properties to search for;
- a property preceded by minus must not be present in numbers;
- separate the parameters with one space;
- enter 0 to exit.
Enter a request:
> 40 2 even day
The property [day] is wrong.
Available properties: [EVEN, ODD, BUZZ, DUCK, PALINDROMIC, GAPFUL, SPY, SQUARE, SUNNY, JUMPING, HAPPY, SAD]
Enter a request:
> 0
Goodbye!
?[1;31m
Start test 49?[0m
Welcome to Amazing Numbers!
Supported requests:
- enter a natural number to know its properties;
- enter two natural numbers to obtain the properties of the list:
* the first parameter represents a starting number;
* the second parameter shows how many consecutive numbers are to be processed;
- two natural numbers and a properties to search for;
- a property preceded by minus must not be present in numbers;
- separate the parameters with one space;
- enter 0 to exit.
Enter a request:
> 37 4 spy 89
The property [89] is wrong.
Available properties: [EVEN, ODD, BUZZ, DUCK, PALINDROMIC, GAPFUL, SPY, SQUARE, SUNNY, JUMPING, HAPPY, SAD]
Enter a request:
> 0
Goodbye!
?[1;31m
Start test 50?[0m
Welcome to Amazing Numbers!
Supported requests:
- enter a natural number to know its properties;
- enter two natural numbers to obtain the properties of the list:
* the first parameter represents a starting number;
* the second parameter shows how many consecutive numbers are to be processed;
- two natural numbers and a properties to search for;
- a property preceded by minus must not be present in numbers;
- separate the parameters with one space;
- enter 0 to exit.
Enter a request:
> 67 2 DUCK +
The property [+] is wrong.
Available properties: [EVEN, ODD, BUZZ, DUCK, PALINDROMIC, GAPFUL, SPY, SQUARE, SUNNY, JUMPING, HAPPY, SAD]
Enter a request:
> 0
Goodbye!
?[1;31m
Start test 51?[0m
Welcome to Amazing Numbers!
Supported requests:
- enter a natural number to know its properties;
- enter two natural numbers to obtain the properties of the list:
* the first parameter represents a starting number;
* the second parameter shows how many consecutive numbers are to be processed;
- two natural numbers and a properties to search for;
- a property preceded by minus must not be present in numbers;
- separate the parameters with one space;
- enter 0 to exit.
Enter a request:
> 1 10 boy friend
The properties [boy, ] are wrong
Available properties:
[EVEN, ODD, BUZZ, DUCK, PALINDROMIC, GAPFUL, SPY, SQUARE, SUNNY, JUMPING, HAPPY, SAD]
Enter a request:
> 0
Goodbye!
?[1;31m
Start test 52?[0m
Welcome to Amazing Numbers!
Supported requests:
- enter a natural number to know its properties;
- enter two natural numbers to obtain the properties of the list:
* the first parameter represents a starting number;
* the second parameter shows how many consecutive numbers are to be processed;
- two natural numbers and a properties to search for;
- a property preceded by minus must not be present in numbers;
- separate the parameters with one space;
- enter 0 to exit.
Enter a request:
> 40 2 long day
The properties [long, ] are wrong
Available properties:
[EVEN, ODD, BUZZ, DUCK, PALINDROMIC, GAPFUL, SPY, SQUARE, SUNNY, JUMPING, HAPPY, SAD]
Enter a request:
> 0
Goodbye!
?[1;31m
Start test 53?[0m
Welcome to Amazing Numbers!
Supported requests:
- enter a natural number to know its properties;
- enter two natural numbers to obtain the properties of the list:
* the first parameter represents a starting number;
* the second parameter shows how many consecutive numbers are to be processed;
- two natural numbers and a properties to search for;
- a property preceded by minus must not be present in numbers;
- separate the parameters with one space;
- enter 0 to exit.
Enter a request:
> 37 4 hot girl
The properties [hot, ] are wrong
Available properties:
[EVEN, ODD, BUZZ, DUCK, PALINDROMIC, GAPFUL, SPY, SQUARE, SUNNY, JUMPING, HAPPY, SAD]
Enter a request:
> 0
Goodbye!
?[1;31m
Start test 54?[0m
Welcome to Amazing Numbers!
Supported requests:
- enter a natural number to know its properties;
- enter two natural numbers to obtain the properties of the list:
* the first parameter represents a starting number;
* the second parameter shows how many consecutive numbers are to be processed;
- two natural numbers and a properties to search for;
- a property preceded by minus must not be present in numbers;
- separate the parameters with one space;
- enter 0 to exit.
Enter a request:
> 67 2 strong drake
The properties [strong, ] are wrong
Available properties:
[EVEN, ODD, BUZZ, DUCK, PALINDROMIC, GAPFUL, SPY, SQUARE, SUNNY, JUMPING, HAPPY, SAD]
Enter a request:
> 0
Goodbye!
?[1;31m
Start test 55?[0m
Welcome to Amazing Numbers!
Supported requests:
- enter a natural number to know its properties;
- enter two natural numbers to obtain the properties of the list:
* the first parameter represents a starting number;
* the second parameter shows how many consecutive numbers are to be processed;
- two natural numbers and a properties to search for;
- a property preceded by minus must not be present in numbers;
- separate the parameters with one space;
- enter 0 to exit.
Enter a request:
> 1 7 even spy
2 is palindromic, spy, jumping, sad, even
4 is palindromic, spy, square, jumping, sad, even
6 is palindromic, spy, jumping, sad, even
8 is palindromic, spy, sunny, jumping, sad, even
22 is palindromic, spy, sad, even
132 is gapful, spy, sad, even
312 is spy, sad, even
Enter a request:
> 0
Goodbye!
?[1;31m
Start test 56?[0m
Welcome to Amazing Numbers!
Supported requests:
- enter a natural number to know its properties;
- enter two natural numbers to obtain the properties of the list:
* the first parameter represents a starting number;
* the second parameter shows how many consecutive numbers are to be processed;
- two natural numbers and a properties to search for;
- a property preceded by minus must not be present in numbers;
- separate the parameters with one space;
- enter 0 to exit.
Enter a request:
> 1 10 odd buzz
7 is buzz, palindromic, spy, jumping, happy, odd
17 is buzz, sad, odd
21 is buzz, jumping, sad, odd
27 is buzz, sad, odd
35 is buzz, sunny, sad, odd
37 is buzz, sad, odd
47 is buzz, sad, odd
49 is buzz, square, happy, odd
57 is buzz, sad, odd
63 is buzz, sunny, sad, odd
Enter a request:
> 0
Goodbye!
?[1;31m
Start test 57?[0m
Welcome to Amazing Numbers!
Supported requests:
- enter a natural number to know its properties;
- enter two natural numbers to obtain the properties of the list:
* the first parameter represents a starting number;
* the second parameter shows how many consecutive numbers are to be processed;
- two natural numbers and a properties to search for;
- a property preceded by minus must not be present in numbers;
- separate the parameters with one space;
- enter 0 to exit.
Enter a request:
> 1 9 buzz gapful
105 is buzz, duck, gapful, sad, odd
140 is buzz, duck, gapful, sad, even
154 is buzz, gapful, sad, even
187 is buzz, gapful, sad, odd
231 is buzz, gapful, spy, sad, odd
280 is buzz, duck, gapful, happy, even
297 is buzz, gapful, sad, odd
315 is buzz, gapful, sad, odd
385 is buzz, gapful, sad, odd
Enter a request:
> 0
Goodbye!
?[1;31m
Start test 58?[0m
Welcome to Amazing Numbers!
Supported requests:
- enter a natural number to know its properties;
- enter two natural numbers to obtain the properties of the list:
* the first parameter represents a starting number;
* the second parameter shows how many consecutive numbers are to be processed;
- two natural numbers and a properties to search for;
- a property preceded by minus must not be present in numbers;
- separate the parameters with one space;
- enter 0 to exit.
Enter a request:
> 1 10 spy buzz
7 is buzz, palindromic, spy, jumping, happy, odd
231 is buzz, gapful, spy, sad, odd
1421 is buzz, spy, sad, odd
2114 is buzz, spy, sad, even
15211 is buzz, spy, happy, odd
21511 is buzz, spy, happy, odd
22211 is buzz, spy, sad, odd
31311 is buzz, spy, sad, odd
51121 is buzz, spy, happy, odd
111216 is buzz, gapful, spy, happy, even
Enter a request:
> 0
Goodbye!
?[1;31m
Start test 59?[0m
Welcome to Amazing Numbers!
Supported requests:
- enter a natural number to know its properties;
- enter two natural numbers to obtain the properties of the list:
* the first parameter represents a starting number;
* the second parameter shows how many consecutive numbers are to be processed;
- two natural numbers and a properties to search for;
- a property preceded by minus must not be present in numbers;
- separate the parameters with one space;
- enter 0 to exit.
Enter a request:
> 100000 2 even spy
111126 is spy, happy, even
111162 is spy, happy, even
Enter a request:
> 0
Goodbye!
?[1;31m
Start test 60?[0m
Welcome to Amazing Numbers!
Supported requests:
- enter a natural number to know its properties;
- enter two natural numbers to obtain the properties of the list:
* the first parameter represents a starting number;
* the second parameter shows how many consecutive numbers are to be processed;
- two natural numbers and a properties to search for;
- a property preceded by minus must not be present in numbers;
- separate the parameters with one space;
- enter 0 to exit.
Enter a request:
> 100 4 odd gapful
105 is buzz, duck, gapful, sad, odd
121 is palindromic, gapful, square, jumping, sad, odd
135 is gapful, sad, odd
143 is gapful, sunny, sad, odd
Enter a request:
> 0
Goodbye!
?[1;31m
Start test 61?[0m
Welcome to Amazing Numbers!
Supported requests:
- enter a natural number to know its properties;
- enter two natural numbers to obtain the properties of the list:
* the first parameter represents a starting number;
* the second parameter shows how many consecutive numbers are to be processed;
- two natural numbers and a properties to search for;
- a property preceded by minus must not be present in numbers;
- separate the parameters with one space;
- enter 0 to exit.
Enter a request:
> 2000 4 palindromic duck
2002 is buzz, duck, palindromic, gapful, sad, even
3003 is buzz, duck, palindromic, gapful, sad, odd
4004 is buzz, duck, palindromic, gapful, happy, even
5005 is buzz, duck, palindromic, gapful, sad, odd
Enter a request:
> 0
Goodbye!
?[1;31m
Start test 62?[0m
Welcome to Amazing Numbers!
Supported requests:
- enter a natural number to know its properties;
- enter two natural numbers to obtain the properties of the list:
* the first parameter represents a starting number;
* the second parameter shows how many consecutive numbers are to be processed;
- two natural numbers and a properties to search for;
- a property preceded by minus must not be present in numbers;
- separate the parameters with one space;
- enter 0 to exit.
Enter a request:
> 26534 3 buzz evens palindromic
The property [evens] is wrong.
Available properties: [EVEN, ODD, BUZZ, DUCK, PALINDROMIC, GAPFUL, SPY, SQUARE, SUNNY, JUMPING, HAPPY, SAD]
Enter a request:
> 0
Goodbye!
?[1;31m
Start test 63?[0m
Welcome to Amazing Numbers!
Supported requests:
- enter a natural number to know its properties;
- enter two natural numbers to obtain the properties of the list:
* the first parameter represents a starting number;
* the second parameter shows how many consecutive numbers are to be processed;
- two natural numbers and a properties to search for;
- a property preceded by minus must not be present in numbers;
- separate the parameters with one space;
- enter 0 to exit.
Enter a request:
> 4384 2 odd -buzz -palindromic shiny gapful
The property [shiny] is wrong.
Available properties: [EVEN, ODD, BUZZ, DUCK, PALINDROMIC, GAPFUL, SPY, SQUARE, SUNNY, JUMPING, HAPPY, SAD]
Enter a request:
> 0
Goodbye!
?[1;31m
Start test 64?[0m
Welcome to Amazing Numbers!
Supported requests:
- enter a natural number to know its properties;
- enter two natural numbers to obtain the properties of the list:
* the first parameter represents a starting number;
* the second parameter shows how many consecutive numbers are to be processed;
- two natural numbers and a properties to search for;
- a property preceded by minus must not be present in numbers;
- separate the parameters with one space;
- enter 0 to exit.
Enter a request:
> 1 7 hot sunny odd odd -even
The property [hot] is wrong.
Available properties: [EVEN, ODD, BUZZ, DUCK, PALINDROMIC, GAPFUL, SPY, SQUARE, SUNNY, JUMPING, HAPPY, SAD]
Enter a request:
> 0
Goodbye!
?[1;31m
Start test 65?[0m
Welcome to Amazing Numbers!
Supported requests:
- enter a natural number to know its properties;
- enter two natural numbers to obtain the properties of the list:
* the first parameter represents a starting number;
* the second parameter shows how many consecutive numbers are to be processed;
- two natural numbers and a properties to search for;
- a property preceded by minus must not be present in numbers;
- separate the parameters with one space;
- enter 0 to exit.
Enter a request:
> 78343 4 sunny -duck mac odd
The property [mac] is wrong.
Available properties: [EVEN, ODD, BUZZ, DUCK, PALINDROMIC, GAPFUL, SPY, SQUARE, SUNNY, JUMPING, HAPPY, SAD]
Enter a request:
> 0
Goodbye!
?[1;31m
Start test 66?[0m
Welcome to Amazing Numbers!
Supported requests:
- enter a natural number to know its properties;
- enter two natural numbers to obtain the properties of the list:
* the first parameter represents a starting number;
* the second parameter shows how many consecutive numbers are to be processed;
- two natural numbers and a properties to search for;
- a property preceded by minus must not be present in numbers;
- separate the parameters with one space;
- enter 0 to exit.
Enter a request:
> 3 4 -even -sunny -hot
The property [-hot] is wrong.
Available properties: [EVEN, ODD, BUZZ, DUCK, PALINDROMIC, GAPFUL, SPY, SQUARE, SUNNY, JUMPING, HAPPY, SAD]
Enter a request:
> 0
Goodbye!
?[1;31m
Start test 67?[0m
Welcome to Amazing Numbers!
Supported requests:
- enter a natural number to know its properties;
- enter two natural numbers to obtain the properties of the list:
* the first parameter represents a starting number;
* the second parameter shows how many consecutive numbers are to be processed;
- two natural numbers and a properties to search for;
- a property preceded by minus must not be present in numbers;
- separate the parameters with one space;
- enter 0 to exit.
Enter a request:
> 1 7 odd spy palindromic
1 is palindromic, spy, square, jumping, happy, odd
3 is palindromic, spy, sunny, jumping, sad, odd
5 is palindromic, spy, jumping, sad, odd
7 is buzz, palindromic, spy, jumping, happy, odd
9 is palindromic, spy, square, jumping, sad, odd
12221 is palindromic, gapful, spy, sad, odd
13131 is palindromic, spy, sad, odd
Enter a request:
> 0
Goodbye!
?[1;31m
Start test 68?[0m
Welcome to Amazing Numbers!
Supported requests:
- enter a natural number to know its properties;
- enter two natural numbers to obtain the properties of the list:
* the first parameter represents a starting number;
* the second parameter shows how many consecutive numbers are to be processed;
- two natural numbers and a properties to search for;
- a property preceded by minus must not be present in numbers;
- separate the parameters with one space;
- enter 0 to exit.
Enter a request:
> 1 10 even palindromic duck buzz
2002 is buzz, duck, palindromic, gapful, sad, even
4004 is buzz, duck, palindromic, gapful, happy, even
6006 is buzz, duck, palindromic, gapful, sad, even
8008 is buzz, duck, palindromic, gapful, sad, even
20202 is buzz, duck, palindromic, sad, even
20902 is buzz, duck, palindromic, sad, even
22022 is buzz, duck, palindromic, gapful, sad, even
29092 is buzz, duck, palindromic, sad, even
40404 is buzz, duck, palindromic, sad, even
44044 is buzz, duck, palindromic, gapful, sad, even
Enter a request:
> 0
Goodbye!
?[1;31m
Start test 69?[0m
Welcome to Amazing Numbers!
Supported requests:
- enter a natural number to know its properties;
- enter two natural numbers to obtain the properties of the list:
* the first parameter represents a starting number;
* the second parameter shows how many consecutive numbers are to be processed;
- two natural numbers and a properties to search for;
- a property preceded by minus must not be present in numbers;
- separate the parameters with one space;
- enter 0 to exit.
Enter a request:
> 1 9 even palindromic duck buzz gapful
2002 is buzz, duck, palindromic, gapful, sad, even
4004 is buzz, duck, palindromic, gapful, happy, even
6006 is buzz, duck, palindromic, gapful, sad, even
8008 is buzz, duck, palindromic, gapful, sad, even
22022 is buzz, duck, palindromic, gapful, sad, even
44044 is buzz, duck, palindromic, gapful, sad, even
66066 is buzz, duck, palindromic, gapful, sad, even
88088 is buzz, duck, palindromic, gapful, sad, even
202202 is buzz, duck, palindromic, gapful, sad, even
Enter a request:
> 0
Goodbye!
?[1;31m
Start test 70?[0m
Welcome to Amazing Numbers!
Supported requests:
- enter a natural number to know its properties;
- enter two natural numbers to obtain the properties of the list:
* the first parameter represents a starting number;
* the second parameter shows how many consecutive numbers are to be processed;
- two natural numbers and a properties to search for;
- a property preceded by minus must not be present in numbers;
- separate the parameters with one space;
- enter 0 to exit.
Enter a request:
> 1 10 even sunny duck buzz gapful
1680 is buzz, duck, gapful, sunny, sad, even
4760 is buzz, duck, gapful, sunny, sad, even
9408 is buzz, duck, gapful, sunny, sad, even
12320 is buzz, duck, gapful, sunny, sad, even
19320 is buzz, duck, gapful, sunny, sad, even
19880 is buzz, duck, gapful, sunny, sad, even
23408 is buzz, duck, gapful, sunny, sad, even
24024 is buzz, duck, gapful, sunny, sad, even
28560 is buzz, duck, gapful, sunny, happy, even
32760 is buzz, duck, gapful, sunny, sad, even
Enter a request:
> 0
Goodbye!
?[1;31m
Start test 71?[0m
Welcome to Amazing Numbers!
Supported requests:
- enter a natural number to know its properties;
- enter two natural numbers to obtain the properties of the list:
* the first parameter represents a starting number;
* the second parameter shows how many consecutive numbers are to be processed;
- two natural numbers and a properties to search for;
- a property preceded by minus must not be present in numbers;
- separate the parameters with one space;
- enter 0 to exit.
Enter a request:
> 100000 2 even spy buzz gapful
111216 is buzz, gapful, spy, happy, even
161112 is buzz, gapful, spy, happy, even
Enter a request:
> 0
Goodbye!
?[1;31m
Start test 72?[0m
Welcome to Amazing Numbers!
Supported requests:
- enter a natural number to know its properties;
- enter two natural numbers to obtain the properties of the list:
* the first parameter represents a starting number;
* the second parameter shows how many consecutive numbers are to be processed;
- two natural numbers and a properties to search for;
- a property preceded by minus must not be present in numbers;
- separate the parameters with one space;
- enter 0 to exit.
Enter a request:
> 100 4 odd spy gapful
231 is buzz, gapful, spy, sad, odd
12221 is palindromic, gapful, spy, sad, odd
216111 is buzz, gapful, spy, happy, odd
1111341 is buzz, gapful, spy, sad, odd
Enter a request:
> 0
Goodbye!
?[1;31m
Start test 73?[0m
Welcome to Amazing Numbers!
Supported requests:
- enter a natural number to know its properties;
- enter two natural numbers to obtain the properties of the list:
* the first parameter represents a starting number;
* the second parameter shows how many consecutive numbers are to be processed;
- two natural numbers and a properties to search for;
- a property preceded by minus must not be present in numbers;
- separate the parameters with one space;
- enter 0 to exit.
Enter a request:
> 2000 4 even palindromic duck
2002 is buzz, duck, palindromic, gapful, sad, even
4004 is buzz, duck, palindromic, gapful, happy, even
6006 is buzz, duck, palindromic, gapful, sad, even
8008 is buzz, duck, palindromic, gapful, sad, even
Enter a request:
> 0
Goodbye!
?[1;31m
Start test 74?[0m
Welcome to Amazing Numbers!
Supported requests:
- enter a natural number to know its properties;
- enter two natural numbers to obtain the properties of the list:
* the first parameter represents a starting number;
* the second parameter shows how many consecutive numbers are to be processed;
- two natural numbers and a properties to search for;
- a property preceded by minus must not be present in numbers;
- separate the parameters with one space;
- enter 0 to exit.
Enter a request:
> 1 15 odd spy -duck spy buzz
7 is buzz, palindromic, spy, jumping, happy, odd
231 is buzz, gapful, spy, sad, odd
1421 is buzz, spy, sad, odd
15211 is buzz, spy, happy, odd
21511 is buzz, spy, happy, odd
22211 is buzz, spy, sad, odd
31311 is buzz, spy, sad, odd
51121 is buzz, spy, happy, odd
112161 is buzz, spy, happy, odd
121611 is buzz, spy, happy, odd
216111 is buzz, gapful, spy, happy, odd
611121 is buzz, spy, happy, odd
1111127 is buzz, spy, sad, odd
1111217 is buzz, spy, sad, odd
1111271 is buzz, spy, sad, odd
Enter a request:
> 0
Goodbye!
?[1;31m
Start test 75?[0m
Welcome to Amazing Numbers!
Supported requests:
- enter a natural number to know its properties;
- enter two natural numbers to obtain the properties of the list:
* the first parameter represents a starting number;
* the second parameter shows how many consecutive numbers are to be processed;
- two natural numbers and a properties to search for;
- a property preceded by minus must not be present in numbers;
- separate the parameters with one space;
- enter 0 to exit.
Enter a request:
> 1 2 jumping happy -spy
10 is duck, jumping, happy, even
23 is jumping, happy, odd
Enter a request:
> 0
Goodbye!
?[1;31m
Start test 76?[0m
Welcome to Amazing Numbers!
Supported requests:
- enter a natural number to know its properties;
- enter two natural numbers to obtain the properties of the list:
* the first parameter represents a starting number;
* the second parameter shows how many consecutive numbers are to be processed;
- two natural numbers and a properties to search for;
- a property preceded by minus must not be present in numbers;
- separate the parameters with one space;
- enter 0 to exit.
Enter a request:
> 5 1 odd even
The request contains mutually exclusive properties: [EVEN, ODD]
There are no numbers with these properties.
Enter a request:
> 0
Goodbye!
?[1;31m
Start test 77?[0m
Welcome to Amazing Numbers!
Supported requests:
- enter a natural number to know its properties;
- enter two natural numbers to obtain the properties of the list:
* the first parameter represents a starting number;
* the second parameter shows how many consecutive numbers are to be processed;
- two natural numbers and a properties to search for;
- a property preceded by minus must not be present in numbers;
- separate the parameters with one space;
- enter 0 to exit.
Enter a request:
> 4 3 even odd
The request contains mutually exclusive properties: [EVEN, ODD]
There are no numbers with these properties.
Enter a request:
> 0
Goodbye!
?[1;31m
Start test 78?[0m
Welcome to Amazing Numbers!
Supported requests:
- enter a natural number to know its properties;
- enter two natural numbers to obtain the properties of the list:
* the first parameter represents a starting number;
* the second parameter shows how many consecutive numbers are to be processed;
- two natural numbers and a properties to search for;
- a property preceded by minus must not be present in numbers;
- separate the parameters with one space;
- enter 0 to exit.
Enter a request:
> 32 2 sunny square
The request contains mutually exclusive properties: [SUNNY, SQUARE]
There are no numbers with these properties.
Enter a request:
> 0
Goodbye!
?[1;31m
Start test 79?[0m
Welcome to Amazing Numbers!
Supported requests:
- enter a natural number to know its properties;
- enter two natural numbers to obtain the properties of the list:
* the first parameter represents a starting number;
* the second parameter shows how many consecutive numbers are to be processed;
- two natural numbers and a properties to search for;
- a property preceded by minus must not be present in numbers;
- separate the parameters with one space;
- enter 0 to exit.
Enter a request:
> 3153 2 spy duck
The request contains mutually exclusive properties: [DUCK, SPY]
There are no numbers with these properties.
Enter a request:
> 0
Goodbye!
?[1;31m
Start test 80?[0m
Welcome to Amazing Numbers!
Supported requests:
- enter a natural number to know its properties;
- enter two natural numbers to obtain the properties of the list:
* the first parameter represents a starting number;
* the second parameter shows how many consecutive numbers are to be processed;
- two natural numbers and a properties to search for;
- a property preceded by minus must not be present in numbers;
- separate the parameters with one space;
- enter 0 to exit.
Enter a request:
> 6 7 duck spy
The request contains mutually exclusive properties: [DUCK, SPY]
There are no numbers with these properties.
Enter a request:
> 0
Goodbye!
?[1;31m
Start test 81?[0m
Welcome to Amazing Numbers!
Supported requests:
- enter a natural number to know its properties;
- enter two natural numbers to obtain the properties of the list:
* the first parameter represents a starting number;
* the second parameter shows how many consecutive numbers are to be processed;
- two natural numbers and a properties to search for;
- a property preceded by minus must not be present in numbers;
- separate the parameters with one space;
- enter 0 to exit.
Enter a request:
> 1 2 spy odd sunny even
The request contains mutually exclusive properties: [EVEN, ODD]
There are no numbers with these properties.
Enter a request:
> 0
Goodbye!
?[1;31m
Start test 82?[0m
Welcome to Amazing Numbers!
Supported requests:
- enter a natural number to know its properties;
- enter two natural numbers to obtain the properties of the list:
* the first parameter represents a starting number;
* the second parameter shows how many consecutive numbers are to be processed;
- two natural numbers and a properties to search for;
- a property preceded by minus must not be present in numbers;
- separate the parameters with one space;
- enter 0 to exit.
Enter a request:
> 7 2 sunny even duck buzz square
The request contains mutually exclusive properties: [SUNNY, SQUARE]
There are no numbers with these properties.
Enter a request:
> 0
Goodbye!
?[1;31m
Start test 83?[0m
Welcome to Amazing Numbers!
Supported requests:
- enter a natural number to know its properties;
- enter two natural numbers to obtain the properties of the list:
* the first parameter represents a starting number;
* the second parameter shows how many consecutive numbers are to be processed;
- two natural numbers and a properties to search for;
- a property preceded by minus must not be present in numbers;
- separate the parameters with one space;
- enter 0 to exit.
Enter a request:
> 9 5 even spy buzz duck
The request contains mutually exclusive properties: [DUCK, SPY]
There are no numbers with these properties.
Enter a request:
> 0
Goodbye!
?[1;31m
Start test 84?[0m
Welcome to Amazing Numbers!
Supported requests:
- enter a natural number to know its properties;
- enter two natural numbers to obtain the properties of the list:
* the first parameter represents a starting number;
* the second parameter shows how many consecutive numbers are to be processed;
- two natural numbers and a properties to search for;
- a property preceded by minus must not be present in numbers;
- separate the parameters with one space;
- enter 0 to exit.
Enter a request:
> 6 6 -odd -even
The request contains mutually exclusive properties: [-EVEN, -ODD]
There are no numbers with these properties.
Enter a request:
> 0
Goodbye!
?[1;31m
Start test 85?[0m
Welcome to Amazing Numbers!
Supported requests:
- enter a natural number to know its properties;
- enter two natural numbers to obtain the properties of the list:
* the first parameter represents a starting number;
* the second parameter shows how many consecutive numbers are to be processed;
- two natural numbers and a properties to search for;
- a property preceded by minus must not be present in numbers;
- separate the parameters with one space;
- enter 0 to exit.
Enter a request:
> 6 7 odd -odd
The request contains mutually exclusive properties: [-ODD, ODD]
There are no numbers with these properties.
Enter a request:
> 0
Goodbye!
?[1;31m
Start test 86?[0m
Welcome to Amazing Numbers!
Supported requests:
- enter a natural number to know its properties;
- enter two natural numbers to obtain the properties of the list:
* the first parameter represents a starting number;
* the second parameter shows how many consecutive numbers are to be processed;
- two natural numbers and a properties to search for;
- a property preceded by minus must not be present in numbers;
- separate the parameters with one space;
- enter 0 to exit.
Enter a request:
> 8 1 -even even
The request contains mutually exclusive properties: [-EVEN, EVEN]
There are no numbers with these properties.
Enter a request:
> 0
Goodbye!
?[1;31m
Start test 87?[0m
Welcome to Amazing Numbers!
Supported requests:
- enter a natural number to know its properties;
- enter two natural numbers to obtain the properties of the list:
* the first parameter represents a starting number;
* the second parameter shows how many consecutive numbers are to be processed;
- two natural numbers and a properties to search for;
- a property preceded by minus must not be present in numbers;
- separate the parameters with one space;
- enter 0 to exit.
Enter a request:
> 3 5 odd duck buzz -duck sunny
The request contains mutually exclusive properties: [-DUCK, DUCK]
There are no numbers with these properties.
Enter a request:
> 0
Goodbye!
?[1;31m
Start test 88?[0m
Welcome to Amazing Numbers!
Supported requests:
- enter a natural number to know its properties;
- enter two natural numbers to obtain the properties of the list:
* the first parameter represents a starting number;
* the second parameter shows how many consecutive numbers are to be processed;
- two natural numbers and a properties to search for;
- a property preceded by minus must not be present in numbers;
- separate the parameters with one space;
- enter 0 to exit.
Enter a request:
> 1 15 -EVEN
1 is palindromic, spy, square, jumping, happy, odd
3 is palindromic, spy, sunny, jumping, sad, odd
5 is palindromic, spy, jumping, sad, odd
7 is buzz, palindromic, spy, jumping, happy, odd
9 is palindromic, spy, square, jumping, sad, odd
11 is palindromic, sad, odd
13 is happy, odd
15 is sunny, sad, odd
17 is buzz, sad, odd
19 is happy, odd
21 is buzz, jumping, sad, odd
23 is jumping, happy, odd
25 is square, sad, odd
27 is buzz, sad, odd
29 is sad, odd
Enter a request:
> 1 15 -ODD
2 is palindromic, spy, jumping, sad, even
4 is palindromic, spy, square, jumping, sad, even
6 is palindromic, spy, jumping, sad, even
8 is palindromic, spy, sunny, jumping, sad, even
10 is duck, jumping, happy, even
12 is jumping, sad, even
14 is buzz, sad, even
16 is square, sad, even
18 is sad, even
20 is duck, sad, even
22 is palindromic, spy, sad, even
24 is sunny, sad, even
26 is sad, even
28 is buzz, happy, even
30 is duck, sad, even
Enter a request:
> 1 15 -BUZZ
1 is palindromic, spy, square, jumping, happy, odd
2 is palindromic, spy, jumping, sad, even
3 is palindromic, spy, sunny, jumping, sad, odd
4 is palindromic, spy, square, jumping, sad, even
5 is palindromic, spy, jumping, sad, odd
6 is palindromic, spy, jumping, sad, even
8 is palindromic, spy, sunny, jumping, sad, even
9 is palindromic, spy, square, jumping, sad, odd
10 is duck, jumping, happy, even
11 is palindromic, sad, odd
12 is jumping, sad, even
13 is happy, odd
15 is sunny, sad, odd
16 is square, sad, even
18 is sad, even
Enter a request:
> 1 15 -DUCK
1 is palindromic, spy, square, jumping, happy, odd
2 is palindromic, spy, jumping, sad, even
3 is palindromic, spy, sunny, jumping, sad, odd
4 is palindromic, spy, square, jumping, sad, even
5 is palindromic, spy, jumping, sad, odd
6 is palindromic, spy, jumping, sad, even
7 is buzz, palindromic, spy, jumping, happy, odd
8 is palindromic, spy, sunny, jumping, sad, even
9 is palindromic, spy, square, jumping, sad, odd
11 is palindromic, sad, odd
12 is jumping, sad, even
13 is happy, odd
14 is buzz, sad, even
15 is sunny, sad, odd
16 is square, sad, even
Enter a request:
> 1 15 -PALINDROMIC
10 is duck, jumping, happy, even
12 is jumping, sad, even
13 is happy, odd
14 is buzz, sad, even
15 is sunny, sad, odd
16 is square, sad, even
17 is buzz, sad, odd
18 is sad, even
19 is happy, odd
20 is duck, sad, even
21 is buzz, jumping, sad, odd
23 is jumping, happy, odd
24 is sunny, sad, even
25 is square, sad, odd
26 is sad, even
Enter a request:
> 1 15 -GAPFUL
1 is palindromic, spy, square, jumping, happy, odd
2 is palindromic, spy, jumping, sad, even
3 is palindromic, spy, sunny, jumping, sad, odd
4 is palindromic, spy, square, jumping, sad, even
5 is palindromic, spy, jumping, sad, odd
6 is palindromic, spy, jumping, sad, even
7 is buzz, palindromic, spy, jumping, happy, odd
8 is palindromic, spy, sunny, jumping, sad, even
9 is palindromic, spy, square, jumping, sad, odd
10 is duck, jumping, happy, even
11 is palindromic, sad, odd
12 is jumping, sad, even
13 is happy, odd
14 is buzz, sad, even
15 is sunny, sad, odd
Enter a request:
> 1 15 -SPY
10 is duck, jumping, happy, even
11 is palindromic, sad, odd
12 is jumping, sad, even
13 is happy, odd
14 is buzz, sad, even
15 is sunny, sad, odd
16 is square, sad, even
17 is buzz, sad, odd
18 is sad, even
19 is happy, odd
20 is duck, sad, even
21 is buzz, jumping, sad, odd
23 is jumping, happy, odd
24 is sunny, sad, even
25 is square, sad, odd
Enter a request:
> 1 15 -SQUARE
2 is palindromic, spy, jumping, sad, even
3 is palindromic, spy, sunny, jumping, sad, odd
5 is palindromic, spy, jumping, sad, odd
6 is palindromic, spy, jumping, sad, even
7 is buzz, palindromic, spy, jumping, happy, odd
8 is palindromic, spy, sunny, jumping, sad, even
10 is duck, jumping, happy, even
11 is palindromic, sad, odd
12 is jumping, sad, even
13 is happy, odd
14 is buzz, sad, even
15 is sunny, sad, odd
17 is buzz, sad, odd
18 is sad, even
19 is happy, odd
Enter a request:
> 1 15 -SUNNY
1 is palindromic, spy, square, jumping, happy, odd
2 is palindromic, spy, jumping, sad, even
4 is palindromic, spy, square, jumping, sad, even
5 is palindromic, spy, jumping, sad, odd
6 is palindromic, spy, jumping, sad, even
7 is buzz, palindromic, spy, jumping, happy, odd
9 is palindromic, spy, square, jumping, sad, odd
10 is duck, jumping, happy, even
11 is palindromic, sad, odd
12 is jumping, sad, even
13 is happy, odd
14 is buzz, sad, even
16 is square, sad, even
17 is buzz, sad, odd
18 is sad, even
Enter a request:
> 1 15 -JUMPING
11 is palindromic, sad, odd
13 is happy, odd
14 is buzz, sad, even
15 is sunny, sad, odd
16 is square, sad, even
17 is buzz, sad, odd
18 is sad, even
19 is happy, odd
20 is duck, sad, even
22 is palindromic, spy, sad, even
24 is sunny, sad, even
25 is square, sad, odd
26 is sad, even
27 is buzz, sad, odd
28 is buzz, happy, even
Enter a request:
> 1 15 -HAPPY
2 is palindromic, spy, jumping, sad, even
3 is palindromic, spy, sunny, jumping, sad, odd
4 is palindromic, spy, square, jumping, sad, even
5 is palindromic, spy, jumping, sad, odd
6 is palindromic, spy, jumping, sad, even
8 is palindromic, spy, sunny, jumping, sad, even
9 is palindromic, spy, square, jumping, sad, odd
11 is palindromic, sad, odd
12 is jumping, sad, even
14 is buzz, sad, even
15 is sunny, sad, odd
16 is square, sad, even
17 is buzz, sad, odd
18 is sad, even
20 is duck, sad, even
Enter a request:
> 1 15 -SAD
1 is palindromic, spy, square, jumping, happy, odd
7 is buzz, palindromic, spy, jumping, happy, odd
10 is duck, jumping, happy, even
13 is happy, odd
19 is happy, odd
23 is jumping, happy, odd
28 is buzz, happy, even
31 is happy, odd
32 is jumping, happy, even
44 is palindromic, happy, even
49 is buzz, square, happy, odd
68 is happy, even
70 is buzz, duck, happy, even
79 is happy, odd
82 is happy, even
Enter a request:
> 0
Goodbye!
]]></system-out>
  <system-err><![CDATA[]]></system-err>
</testsuite>
